Item/Item Finder Android v1.7.1/ItemFinder/itemFinder/build/outputs/logs/manifest-merger-debug-report.txt
-- Merging decision tree log ---
manifest
ADDED from src/main/AndroidManifest.xml:2:1-128:12
	xmlns:android
		ADDED from src/main/AndroidManifest.xml:2:11-69
	package
		ADDED from src/main/AndroidManifest.xml:3:5-38
		INJECTED from src/main/AndroidManifest.xml
		INJECTED from src/main/AndroidManifest.xml
	android:versionName
		INJECTED from src/main/AndroidManifest.xml
		INJECTED from src/main/AndroidManifest.xml
	android:versionCode
		INJECTED from src/main/AndroidManifest.xml
		INJECTED from src/main/AndroidManifest.xml
supports-screens
ADDED from src/main/AndroidManifest.xml:5:5-9:40
	android:largeScreens
		ADDED from src/main/AndroidManifest.xml:6:9-36
	android:normalScreens
		ADDED from src/main/AndroidManifest.xml:7:9-37
	android:xlargeScreens
		ADDED from src/main/AndroidManifest.xml:9:9-37
	android:smallScreens
		ADDED from src/main/AndroidManifest.xml:8:9-36
uses-feature#android.hardware.telephony
ADDED from src/main/AndroidManifest.xml:11:5-13:36
	android:required
		ADDED from src/main/AndroidManifest.xml:13:9-33
	android:name
		ADDED from src/main/AndroidManifest.xml:12:9-50
uses-permission#android.permission.INTERNET
ADDED from src/main/AndroidManifest.xml:15:5-66
	android:name
		ADDED from src/main/AndroidManifest.xml:15:22-64
uses-permission#android.permission.ACCESS_NETWORK_STATE
ADDED from src/main/AndroidManifest.xml:16:2-76
	android:name
		ADDED from src/main/AndroidManifest.xml:16:19-73
uses-permission#android.permission.WRITE_EXTERNAL_STORAGE
ADDED from src/main/AndroidManifest.xml:17:2-78
	android:name
		ADDED from src/main/AndroidManifest.xml:17:19-75
uses-permission#com.google.android.providers.gsf.permission.READ_GSERVICES
ADDED from src/main/AndroidManifest.xml:18:2-95
	android:name
		ADDED from src/main/AndroidManifest.xml:18:19-92
uses-permission#android.permission.ACCESS_COARSE_LOCATION
ADDED from src/main/AndroidManifest.xml:19:2-78
	android:name
		ADDED from src/main/AndroidManifest.xml:19:19-75
uses-permission#android.permission.ACCESS_FINE_LOCATION
ADDED from src/main/AndroidManifest.xml:20:2-76
	android:name
		ADDED from src/main/AndroidManifest.xml:20:19-73
uses-permission#android.permission.CALL_PHONE
ADDED from src/main/AndroidManifest.xml:21:2-66
	android:name
		ADDED from src/main/AndroidManifest.xml:21:19-63
uses-permission#android.permission.CAMERA
ADDED from src/main/AndroidManifest.xml:22:5-65
	android:name
		ADDED from src/main/AndroidManifest.xml:22:22-62
uses-permission#android.permission.SEND_SMS
ADDED from src/main/AndroidManifest.xml:23:5-67
	android:name
		ADDED from src/main/AndroidManifest.xml:23:22-64
application
ADDED from src/main/AndroidManifest.xml:25:5-126:19
MERGED from [ItemFinder:facebookSDK:unspecified] AndroidManifest.xml:24:5-20
MERGED from [com.google.android.gms:play-services:5.0.89] AndroidManifest.xml:16:5-19
MERGED from [com.etsy.android.grid:library:1.0.5] AndroidManifest.xml:6:5-19
	android:label
		ADDED from src/main/AndroidManifest.xml:30:9-41
	android:allowBackup
		ADDED from src/main/AndroidManifest.xml:28:9-35
	android:icon
		ADDED from src/main/AndroidManifest.xml:29:9-45
	android:theme
		ADDED from src/main/AndroidManifest.xml:31:9-40
	android:hardwareAccelerated
		ADDED from src/main/AndroidManifest.xml:27:9-44
	android:largeHeap
		ADDED from src/main/AndroidManifest.xml:26:9-33
activity#com.projects.itemfinder.MainActivity
ADDED from src/main/AndroidManifest.xml:32:9-42:20
	android:screenOrientation
		ADDED from src/main/AndroidManifest.xml:33:13-55
	android:label
		ADDED from src/main/AndroidManifest.xml:36:13-45
	android:name
		ADDED from src/main/AndroidManifest.xml:35:13-64
intent-filter#android.intent.action.MAIN+android.intent.category.LAUNCHER
ADDED from src/main/AndroidManifest.xml:37:13-41:29
action#android.intent.action.MAIN
ADDED from src/main/AndroidManifest.xml:38:17-69
	android:name
		ADDED from src/main/AndroidManifest.xml:38:25-66
category#android.intent.category.LAUNCHER
ADDED from src/main/AndroidManifest.xml:40:17-77
	android:name
		ADDED from src/main/AndroidManifest.xml:40:27-74
activity#com.projects.activities.MyItemsActivity
ADDED from src/main/AndroidManifest.xml:44:9-45:48
	android:label
		ADDED from src/main/AndroidManifest.xml:45:13-45
	android:name
		ADDED from src/main/AndroidManifest.xml:44:19-73
activity#com.projects.activities.SellerActivity
ADDED from src/main/AndroidManifest.xml:47:9-48:48
	android:label
		ADDED from src/main/AndroidManifest.xml:48:13-45
	android:name
		ADDED from src/main/AndroidManifest.xml:47:19-72
activity#com.projects.activities.NewItemActivity
ADDED from src/main/AndroidManifest.xml:50:9-52:48
	android:windowSoftInputMode
		ADDED from src/main/AndroidManifest.xml:51:13-67
	android:label
		ADDED from src/main/AndroidManifest.xml:52:13-45
	android:name
		ADDED from src/main/AndroidManifest.xml:50:19-73
activity#com.projects.activities.EditItemActivity
ADDED from src/main/AndroidManifest.xml:54:9-56:48
	android:windowSoftInputMode
		ADDED from src/main/AndroidManifest.xml:55:13-67
	android:label
		ADDED from src/main/AndroidManifest.xml:56:13-45
	android:name
		ADDED from src/main/AndroidManifest.xml:54:19-74
activity#com.projects.activities.ItemsActivity
ADDED from src/main/AndroidManifest.xml:58:9-59:48
	android:label
		ADDED from src/main/AndroidManifest.xml:59:13-45
	android:name
		ADDED from src/main/AndroidManifest.xml:58:19-71
activity#com.projects.activities.SubCategoryActivity
ADDED from src/main/AndroidManifest.xml:61:9-62:48
	android:label
		ADDED from src/main/AndroidManifest.xml:62:13-45
	android:name
		ADDED from src/main/AndroidManifest.xml:61:19-77
activity#com.projects.activities.CategorySelectionActivity
ADDED from src/main/AndroidManifest.xml:64:9-65:48
	android:label
		ADDED from src/main/AndroidManifest.xml:65:13-45
	android:name
		ADDED from src/main/AndroidManifest.xml:64:19-83
activity#com.projects.activities.DetailItemActivity
ADDED from src/main/AndroidManifest.xml:67:9-68:48
	android:label
		ADDED from src/main/AndroidManifest.xml:68:13-45
	android:name
		ADDED from src/main/AndroidManifest.xml:67:19-76
activity#com.projects.activities.ProfileActivity
ADDED from src/main/AndroidManifest.xml:70:9-72:48
	android:windowSoftInputMode
		ADDED from src/main/AndroidManifest.xml:71:13-67
	android:label
		ADDED from src/main/AndroidManifest.xml:72:13-45
	android:name
		ADDED from src/main/AndroidManifest.xml:70:19-73
activity#com.projects.activities.RegisterActivity
ADDED from src/main/AndroidManifest.xml:74:9-76:48
	android:windowSoftInputMode
		ADDED from src/main/AndroidManifest.xml:75:13-67
	android:label
		ADDED from src/main/AndroidManifest.xml:76:13-45
	android:name
		ADDED from src/main/AndroidManifest.xml:74:19-74
activity#com.projects.activities.LoginActivity
ADDED from src/main/AndroidManifest.xml:78:9-80:48
	android:windowSoftInputMode
		ADDED from src/main/AndroidManifest.xml:79:13-67
	android:label
		ADDED from src/main/AndroidManifest.xml:80:13-45
	android:name
		ADDED from src/main/AndroidManifest.xml:78:19-71
activity#com.projects.activities.NewReviewActivity
ADDED from src/main/AndroidManifest.xml:82:9-84:48
	android:windowSoftInputMode
		ADDED from src/main/AndroidManifest.xml:83:13-67
	android:label
		ADDED from src/main/AndroidManifest.xml:84:13-45
	android:name
		ADDED from src/main/AndroidManifest.xml:82:19-75
activity#com.projects.activities.ImageViewerActivity
ADDED from src/main/AndroidManifest.xml:86:9-87:48
	android:label
		ADDED from src/main/AndroidManifest.xml:87:13-45
	android:name
		ADDED from src/main/AndroidManifest.xml:86:19-77
activity#com.projects.activities.NewsDetailActivity
ADDED from src/main/AndroidManifest.xml:89:9-90:48
	android:label
		ADDED from src/main/AndroidManifest.xml:90:13-45
	android:name
		ADDED from src/main/AndroidManifest.xml:89:19-76
activity#com.projects.activities.SearchResultActivity
ADDED from src/main/AndroidManifest.xml:92:9-93:48
	android:label
		ADDED from src/main/AndroidManifest.xml:93:13-45
	android:name
		ADDED from src/main/AndroidManifest.xml:92:19-78
activity#com.google.android.gms.ads.AdActivity
ADDED from src/main/AndroidManifest.xml:95:9-96:124
	android:configChanges
		ADDED from src/main/AndroidManifest.xml:96:13-122
	android:name
		ADDED from src/main/AndroidManifest.xml:95:19-71
meta-data#com.google.android.maps.v2.API_KEY
ADDED from src/main/AndroidManifest.xml:98:9-100:66
	android:name
		ADDED from src/main/AndroidManifest.xml:99:7-56
	android:value
		ADDED from src/main/AndroidManifest.xml:100:7-63
meta-data#com.google.android.gms.version
ADDED from src/main/AndroidManifest.xml:102:9-104:68
	android:name
		ADDED from src/main/AndroidManifest.xml:103:13-58
	android:value
		ADDED from src/main/AndroidManifest.xml:104:13-66
activity#com.facebook.LoginActivity
ADDED from src/main/AndroidManifest.xml:106:9-109:48
	android:label
		ADDED from src/main/AndroidManifest.xml:109:13-45
	android:theme
		ADDED from src/main/AndroidManifest.xml:108:13-72
	android:name
		ADDED from src/main/AndroidManifest.xml:107:13-54
meta-data#com.facebook.sdk.ApplicationId
ADDED from src/main/AndroidManifest.xml:111:9-113:45
	android:name
		ADDED from src/main/AndroidManifest.xml:112:13-58
	android:value
		ADDED from src/main/AndroidManifest.xml:113:13-43
provider#com.facebook.NativeAppCallContentProvider
ADDED from src/main/AndroidManifest.xml:115:9-118:38
	android:exported
		ADDED from src/main/AndroidManifest.xml:118:13-36
	android:authorities
		ADDED from src/main/AndroidManifest.xml:116:13-96
	android:name
		ADDED from src/main/AndroidManifest.xml:117:13-69
receiver#com.libraries.receiver.ItemFinderBroadcastReceiver
ADDED from src/main/AndroidManifest.xml:120:9-124:20
	android:name
		ADDED from src/main/AndroidManifest.xml:120:19-84
intent-filter#com.facebook.platform.AppCallResultBroadcast
ADDED from src/main/AndroidManifest.xml:121:13-123:29
action#com.facebook.platform.AppCallResultBroadcast
ADDED from src/main/AndroidManifest.xml:122:17-87
	android:name
		ADDED from src/main/AndroidManifest.xml:122:25-84
uses-sdk
INJECTED from src/main/AndroidManifest.xml reason: use-sdk injection requested
MERGED from [com.android.support:multidex:1.0.1] AndroidManifest.xml:18:5-42
MERGED from [ItemFinder:facebookSDK:unspecified] AndroidManifest.xml:20:5-22:40
MERGED from [com.google.android.gms:play-services:5.0.89] AndroidManifest.xml:15:5-42
MERGED from [com.etsy.android.grid:library:1.0.5] AndroidManifest.xml:4:5-43
MERGED from [com.android.support:multidex:1.0.1] AndroidManifest.xml:18:5-42
	android:targetSdkVersion
		INJECTED from src/main/AndroidManifest.xml
		INJECTED from src/main/AndroidManifest.xml
	android:minSdkVersion
		INJECTED from src/main/AndroidManifest.xml
		INJECTED from src/main/AndroidManifest.xml